<?xml version="1.0" encoding="UTF-8"?>
<testng-results skipped="0" failed="0" total="1" passed="1">
  <reporter-output>
  </reporter-output>
  <suite name="Command line suite" duration-ms="5813" started-at="2018-02-09T07:03:43Z" finished-at="2018-02-09T07:03:49Z">
    <groups>
    </groups>
    <test name="Command line test" duration-ms="5813" started-at="2018-02-09T07:03:43Z" finished-at="2018-02-09T07:03:49Z">
      <class name="com.auto.driverscript.DriverScript">
        <test-method status="PASS" signature="driversetup()[pri:0, instance:com.auto.driverscript.DriverScript@38cccef]" name="driversetup" is-config="true" duration-ms="5755" started-at="2018-02-09T01:03:43Z" finished-at="2018-02-09T01:03:49Z">
          <reporter-output>
          </reporter-output>
        </test-method> <!-- driversetup -->
        <test-method status="PASS" signature="smoketest()[pri:0, instance:com.auto.driverscript.DriverScript@38cccef]" name="smoketest" duration-ms="5" started-at="2018-02-09T01:03:49Z" finished-at="2018-02-09T01:03:49Z">
          <reporter-output>
          </reporter-output>
        </test-method> <!-- smoketest -->
      </class> <!-- com.auto.driverscript.DriverScript -->
    </test> <!-- Command line test -->
  </suite> <!-- Command line suite -->
</testng-results>
